[0.140s] DEBUG:colcon:Command line arguments: ['/usr/bin/colcon', 'build', '--symlink-install']
[0.141s] DEBUG:colcon:Parsed command line arguments: Namespace(log_base=None, log_level=None, verb_name='build', build_base='build', install_base='install', merge_install=False, symlink_install=True, test_result_base=None, continue_on_error=False, executor='parallel', parallel_workers=8, event_handlers=None, ignore_user_meta=False, metas=['./colcon.meta'], base_paths=['.'], packages_ignore=None, packages_ignore_regex=None, paths=None, packages_up_to=None, packages_up_to_regex=None, packages_above=None, packages_above_and_dependencies=None, packages_above_depth=None, packages_select_by_dep=None, packages_skip_by_dep=None, packages_skip_up_to=None, packages_select_build_failed=False, packages_skip_build_finished=False, packages_select_test_failures=False, packages_skip_test_passed=False, packages_select=None, packages_skip=None, packages_select_regex=None, packages_skip_regex=None, packages_start=None, packages_end=None, cmake_args=None, cmake_target=None, cmake_target_skip_unavailable=False, cmake_clean_cache=False, cmake_clean_first=False, cmake_force_configure=False, ament_cmake_args=None, catkin_cmake_args=None, catkin_skip_building_tests=False, verb_parser=<colcon_defaults.argument_parser.defaults.DefaultArgumentsDecorator object at 0xffffb43c3190>, verb_extension=<colcon_core.verb.build.BuildVerb object at 0xffffb45b0a90>, main=<bound method BuildVerb.main of <colcon_core.verb.build.BuildVerb object at 0xffffb45b0a90>>)
[0.264s] Level 1:colcon.colcon_core.package_discovery:discover_packages(colcon_meta) check parameters
[0.265s] Level 1:colcon.colcon_core.package_discovery:discover_packages(recursive) check parameters
[0.265s] Level 1:colcon.colcon_core.package_discovery:discover_packages(ignore) check parameters
[0.265s] Level 1:colcon.colcon_core.package_discovery:discover_packages(path) check parameters
[0.265s] Level 1:colcon.colcon_core.package_discovery:discover_packages(colcon_meta) discover
[0.265s] Level 1:colcon.colcon_core.package_discovery:discover_packages(recursive) discover
[0.265s] INFO:colcon.colcon_core.package_discovery:Crawling recursively for packages in '/root/ros2/ros2-ws'
[0.265s] Level 1:colcon.colcon_core.package_identification:_identify(.) by extensions ['ignore', 'ignore_ament_install']
[0.265s] Level 1:colcon.colcon_core.package_identification:_identify(.) by extension 'ignore'
[0.265s] Level 1:colcon.colcon_core.package_identification:_identify(.) by extension 'ignore_ament_install'
[0.266s] Level 1:colcon.colcon_core.package_identification:_identify(.) by extensions ['colcon_pkg']
[0.266s] Level 1:colcon.colcon_core.package_identification:_identify(.) by extension 'colcon_pkg'
[0.266s] Level 1:colcon.colcon_core.package_identification:_identify(.) by extensions ['colcon_meta']
[0.266s] Level 1:colcon.colcon_core.package_identification:_identify(.) by extension 'colcon_meta'
[0.266s] Level 1:colcon.colcon_core.package_identification:_identify(.) by extensions ['ros']
[0.266s] Level 1:colcon.colcon_core.package_identification:_identify(.) by extension 'ros'
[0.275s] DEBUG:colcon.colcon_core.package_identification:Package '.' with type 'ros.ament_cmake' and name 'my_mobile_ros_bot'
[0.275s] Level 1:colcon.colcon_core.package_discovery:discover_packages(recursive) using defaults
[0.275s] Level 1:colcon.colcon_core.package_discovery:discover_packages(ignore) discover
[0.275s] Level 1:colcon.colcon_core.package_discovery:discover_packages(ignore) using defaults
[0.275s] Level 1:colcon.colcon_core.package_discovery:discover_packages(path) discover
[0.275s] Level 1:colcon.colcon_core.package_discovery:discover_packages(path) using defaults
[0.289s] Level 5:colcon.colcon_core.verb:set package 'my_mobile_ros_bot' build argument 'cmake_args' from command line to 'None'
[0.289s] Level 5:colcon.colcon_core.verb:set package 'my_mobile_ros_bot' build argument 'cmake_target' from command line to 'None'
[0.290s] Level 5:colcon.colcon_core.verb:set package 'my_mobile_ros_bot' build argument 'cmake_target_skip_unavailable' from command line to 'False'
[0.290s] Level 5:colcon.colcon_core.verb:set package 'my_mobile_ros_bot' build argument 'cmake_clean_cache' from command line to 'False'
[0.290s] Level 5:colcon.colcon_core.verb:set package 'my_mobile_ros_bot' build argument 'cmake_clean_first' from command line to 'False'
[0.290s] Level 5:colcon.colcon_core.verb:set package 'my_mobile_ros_bot' build argument 'cmake_force_configure' from command line to 'False'
[0.290s] Level 5:colcon.colcon_core.verb:set package 'my_mobile_ros_bot' build argument 'ament_cmake_args' from command line to 'None'
[0.290s] Level 5:colcon.colcon_core.verb:set package 'my_mobile_ros_bot' build argument 'catkin_cmake_args' from command line to 'None'
[0.290s] Level 5:colcon.colcon_core.verb:set package 'my_mobile_ros_bot' build argument 'catkin_skip_building_tests' from command line to 'False'
[0.290s] DEBUG:colcon.colcon_core.verb:Building package 'my_mobile_ros_bot' with the following arguments: {'ament_cmake_args': None, 'build_base': '/root/ros2/ros2-ws/build/my_mobile_ros_bot', 'catkin_cmake_args': None, 'catkin_skip_building_tests': False, 'cmake_args': None, 'cmake_clean_cache': False, 'cmake_clean_first': False, 'cmake_force_configure': False, 'cmake_target': None, 'cmake_target_skip_unavailable': False, 'install_base': '/root/ros2/ros2-ws/install/my_mobile_ros_bot', 'merge_install': False, 'path': '/root/ros2/ros2-ws', 'symlink_install': True, 'test_result_base': None}
[0.290s] INFO:colcon.colcon_core.executor:Executing jobs using 'parallel' executor
[0.290s] DEBUG:colcon.colcon_parallel_executor.executor.parallel:run_until_complete
[0.291s] INFO:colcon.colcon_ros.task.ament_cmake.build:Building ROS package in '/root/ros2/ros2-ws' with build type 'ament_cmake'
[0.291s] INFO:colcon.colcon_cmake.task.cmake.build:Building CMake package in '/root/ros2/ros2-ws'
[0.292s] INFO:colcon.colcon_core.plugin_system:Skipping extension 'colcon_core.shell.bat': Not used on non-Windows systems
[0.292s] INFO:colcon.colcon_core.shell:Skip shell extension 'powershell' for command environment: Not usable outside of PowerShell
[0.292s] DEBUG:colcon.colcon_core.shell:Skip shell extension 'dsv' for command environment
[0.301s] DEBUG:colcon.colcon_core.event_handler.log_command:Invoking command in '/root/ros2/ros2-ws/build/my_mobile_ros_bot': CMAKE_PREFIX_PATH=/opt/ros/humble /usr/bin/cmake /root/ros2/ros2-ws -DAMENT_CMAKE_SYMLINK_INSTALL=1 -DCMAKE_INSTALL_PREFIX=/root/ros2/ros2-ws/install/my_mobile_ros_bot
[1.277s] DEBUG:colcon.colcon_core.event_handler.log_command:Invoked command in '/root/ros2/ros2-ws/build/my_mobile_ros_bot' returned '0': CMAKE_PREFIX_PATH=/opt/ros/humble /usr/bin/cmake /root/ros2/ros2-ws -DAMENT_CMAKE_SYMLINK_INSTALL=1 -DCMAKE_INSTALL_PREFIX=/root/ros2/ros2-ws/install/my_mobile_ros_bot
[1.279s] DEBUG:colcon.colcon_core.event_handler.log_command:Invoking command in '/root/ros2/ros2-ws/build/my_mobile_ros_bot': CMAKE_PREFIX_PATH=/opt/ros/humble /usr/bin/cmake --build /root/ros2/ros2-ws/build/my_mobile_ros_bot -- -j8 -l8
[1.300s] DEBUG:colcon.colcon_core.event_handler.log_command:Invoked command in '/root/ros2/ros2-ws/build/my_mobile_ros_bot' returned '0': CMAKE_PREFIX_PATH=/opt/ros/humble /usr/bin/cmake --build /root/ros2/ros2-ws/build/my_mobile_ros_bot -- -j8 -l8
[1.317s] DEBUG:colcon.colcon_core.event_handler.log_command:Invoking command in '/root/ros2/ros2-ws/build/my_mobile_ros_bot': CMAKE_PREFIX_PATH=/opt/ros/humble /usr/bin/cmake --install /root/ros2/ros2-ws/build/my_mobile_ros_bot
[1.426s] Level 1:colcon.colcon_core.environment:create_environment_scripts_only(my_mobile_ros_bot)
[1.427s] Level 1:colcon.colcon_core.environment:checking '/root/ros2/ros2-ws/install/my_mobile_ros_bot' for CMake module files
[1.427s] DEBUG:colcon.colcon_core.event_handler.log_command:Invoked command in '/root/ros2/ros2-ws/build/my_mobile_ros_bot' returned '0': CMAKE_PREFIX_PATH=/opt/ros/humble /usr/bin/cmake --install /root/ros2/ros2-ws/build/my_mobile_ros_bot
[1.429s] Level 1:colcon.colcon_core.environment:checking '/root/ros2/ros2-ws/install/my_mobile_ros_bot' for CMake config files
[1.430s] Level 1:colcon.colcon_core.shell:create_environment_hook('my_mobile_ros_bot', 'cmake_prefix_path')
[1.430s] INFO:colcon.colcon_core.shell:Creating environment hook '/root/ros2/ros2-ws/install/my_mobile_ros_bot/share/my_mobile_ros_bot/hook/cmake_prefix_path.ps1'
[1.431s] INFO:colcon.colcon_core.shell:Creating environment descriptor '/root/ros2/ros2-ws/install/my_mobile_ros_bot/share/my_mobile_ros_bot/hook/cmake_prefix_path.dsv'
[1.431s] INFO:colcon.colcon_core.shell:Creating environment hook '/root/ros2/ros2-ws/install/my_mobile_ros_bot/share/my_mobile_ros_bot/hook/cmake_prefix_path.sh'
[1.432s] Level 1:colcon.colcon_core.environment:checking '/root/ros2/ros2-ws/install/my_mobile_ros_bot/bin'
[1.432s] Level 1:colcon.colcon_core.environment:checking '/root/ros2/ros2-ws/install/my_mobile_ros_bot/lib/pkgconfig/my_mobile_ros_bot.pc'
[1.433s] Level 1:colcon.colcon_core.environment:checking '/root/ros2/ros2-ws/install/my_mobile_ros_bot/lib/python3.10/site-packages'
[1.434s] Level 1:colcon.colcon_core.environment:checking '/root/ros2/ros2-ws/install/my_mobile_ros_bot/bin'
[1.434s] INFO:colcon.colcon_core.shell:Creating package script '/root/ros2/ros2-ws/install/my_mobile_ros_bot/share/my_mobile_ros_bot/package.ps1'
[1.435s] INFO:colcon.colcon_core.shell:Creating package descriptor '/root/ros2/ros2-ws/install/my_mobile_ros_bot/share/my_mobile_ros_bot/package.dsv'
[1.435s] INFO:colcon.colcon_core.shell:Creating package script '/root/ros2/ros2-ws/install/my_mobile_ros_bot/share/my_mobile_ros_bot/package.sh'
[1.436s] INFO:colcon.colcon_core.shell:Creating package script '/root/ros2/ros2-ws/install/my_mobile_ros_bot/share/my_mobile_ros_bot/package.bash'
[1.437s] INFO:colcon.colcon_core.shell:Creating package script '/root/ros2/ros2-ws/install/my_mobile_ros_bot/share/my_mobile_ros_bot/package.zsh'
[1.437s] Level 1:colcon.colcon_core.environment:create_file_with_runtime_dependencies(/root/ros2/ros2-ws/install/my_mobile_ros_bot/share/colcon-core/packages/my_mobile_ros_bot)
[1.448s] Level 1:colcon.colcon_core.environment:create_environment_scripts_only(my_mobile_ros_bot)
[1.448s] Level 1:colcon.colcon_core.environment:checking '/root/ros2/ros2-ws/install/my_mobile_ros_bot' for CMake module files
[1.450s] Level 1:colcon.colcon_core.environment:checking '/root/ros2/ros2-ws/install/my_mobile_ros_bot' for CMake config files
[1.450s] Level 1:colcon.colcon_core.shell:create_environment_hook('my_mobile_ros_bot', 'cmake_prefix_path')
[1.451s] INFO:colcon.colcon_core.shell:Creating environment hook '/root/ros2/ros2-ws/install/my_mobile_ros_bot/share/my_mobile_ros_bot/hook/cmake_prefix_path.ps1'
[1.451s] INFO:colcon.colcon_core.shell:Creating environment descriptor '/root/ros2/ros2-ws/install/my_mobile_ros_bot/share/my_mobile_ros_bot/hook/cmake_prefix_path.dsv'
[1.452s] INFO:colcon.colcon_core.shell:Creating environment hook '/root/ros2/ros2-ws/install/my_mobile_ros_bot/share/my_mobile_ros_bot/hook/cmake_prefix_path.sh'
[1.452s] Level 1:colcon.colcon_core.environment:checking '/root/ros2/ros2-ws/install/my_mobile_ros_bot/bin'
[1.452s] Level 1:colcon.colcon_core.environment:checking '/root/ros2/ros2-ws/install/my_mobile_ros_bot/lib/pkgconfig/my_mobile_ros_bot.pc'
[1.453s] Level 1:colcon.colcon_core.environment:checking '/root/ros2/ros2-ws/install/my_mobile_ros_bot/lib/python3.10/site-packages'
[1.453s] Level 1:colcon.colcon_core.environment:checking '/root/ros2/ros2-ws/install/my_mobile_ros_bot/bin'
[1.453s] INFO:colcon.colcon_core.shell:Creating package script '/root/ros2/ros2-ws/install/my_mobile_ros_bot/share/my_mobile_ros_bot/package.ps1'
[1.453s] INFO:colcon.colcon_core.shell:Creating package descriptor '/root/ros2/ros2-ws/install/my_mobile_ros_bot/share/my_mobile_ros_bot/package.dsv'
[1.454s] INFO:colcon.colcon_core.shell:Creating package script '/root/ros2/ros2-ws/install/my_mobile_ros_bot/share/my_mobile_ros_bot/package.sh'
[1.454s] INFO:colcon.colcon_core.shell:Creating package script '/root/ros2/ros2-ws/install/my_mobile_ros_bot/share/my_mobile_ros_bot/package.bash'
[1.455s] INFO:colcon.colcon_core.shell:Creating package script '/root/ros2/ros2-ws/install/my_mobile_ros_bot/share/my_mobile_ros_bot/package.zsh'
[1.455s] Level 1:colcon.colcon_core.environment:create_file_with_runtime_dependencies(/root/ros2/ros2-ws/install/my_mobile_ros_bot/share/colcon-core/packages/my_mobile_ros_bot)
[1.455s] DEBUG:colcon.colcon_parallel_executor.executor.parallel:closing loop
[1.455s] DEBUG:colcon.colcon_parallel_executor.executor.parallel:loop closed
[1.456s] DEBUG:colcon.colcon_parallel_executor.executor.parallel:run_until_complete finished with '0'
[1.456s] DEBUG:colcon.colcon_core.event_reactor:joining thread
[1.462s] INFO:colcon.colcon_core.plugin_system:Skipping extension 'colcon_notification.desktop_notification.notify_send': Could not find 'notify-send'
[1.462s] INFO:colcon.colcon_core.plugin_system:Skipping extension 'colcon_notification.desktop_notification.terminal_notifier': Not used on non-Darwin systems
[1.462s] INFO:colcon.colcon_core.plugin_system:Skipping extension 'colcon_notification.desktop_notification.win32': Not used on non-Windows systems
[1.462s] INFO:colcon.colcon_notification.desktop_notification:Sending desktop notification using 'notify2'
[1.517s] DEBUG:colcon.colcon_core.event_reactor:joined thread
[1.518s] INFO:colcon.colcon_core.shell:Creating prefix script '/root/ros2/ros2-ws/install/local_setup.ps1'
[1.519s] INFO:colcon.colcon_core.shell:Creating prefix util module '/root/ros2/ros2-ws/install/_local_setup_util_ps1.py'
[1.521s] INFO:colcon.colcon_core.shell:Creating prefix chain script '/root/ros2/ros2-ws/install/setup.ps1'
[1.522s] INFO:colcon.colcon_core.shell:Creating prefix script '/root/ros2/ros2-ws/install/local_setup.sh'
[1.522s] INFO:colcon.colcon_core.shell:Creating prefix util module '/root/ros2/ros2-ws/install/_local_setup_util_sh.py'
[1.523s] INFO:colcon.colcon_core.shell:Creating prefix chain script '/root/ros2/ros2-ws/install/setup.sh'
[1.524s] INFO:colcon.colcon_core.shell:Creating prefix script '/root/ros2/ros2-ws/install/local_setup.bash'
[1.524s] INFO:colcon.colcon_core.shell:Creating prefix chain script '/root/ros2/ros2-ws/install/setup.bash'
[1.525s] INFO:colcon.colcon_core.shell:Creating prefix script '/root/ros2/ros2-ws/install/local_setup.zsh'
[1.526s] INFO:colcon.colcon_core.shell:Creating prefix chain script '/root/ros2/ros2-ws/install/setup.zsh'
