[0.075s] DEBUG:colcon:Command line arguments: ['/usr/bin/colcon', 'build', '--symlink-install']
[0.076s] DEBUG:colcon:Parsed command line arguments: Namespace(log_base=None, log_level=None, verb_name='build', build_base='build', install_base='install', merge_install=False, symlink_install=True, test_result_base=None, continue_on_error=False, executor='parallel', parallel_workers=8, event_handlers=None, ignore_user_meta=False, metas=['./colcon.meta'], base_paths=['.'], packages_ignore=None, packages_ignore_regex=None, paths=None, packages_up_to=None, packages_up_to_regex=None, packages_above=None, packages_above_and_dependencies=None, packages_above_depth=None, packages_select_by_dep=None, packages_skip_by_dep=None, packages_skip_up_to=None, packages_select_build_failed=False, packages_skip_build_finished=False, packages_select_test_failures=False, packages_skip_test_passed=False, packages_select=None, packages_skip=None, packages_select_regex=None, packages_skip_regex=None, packages_start=None, packages_end=None, cmake_args=None, cmake_target=None, cmake_target_skip_unavailable=False, cmake_clean_cache=False, cmake_clean_first=False, cmake_force_configure=False, ament_cmake_args=None, catkin_cmake_args=None, catkin_skip_building_tests=False, verb_parser=<colcon_defaults.argument_parser.defaults.DefaultArgumentsDecorator object at 0xffff8cd875e0>, verb_extension=<colcon_core.verb.build.BuildVerb object at 0xffff8cd30ee0>, main=<bound method BuildVerb.main of <colcon_core.verb.build.BuildVerb object at 0xffff8cd30ee0>>)
[0.151s] Level 1:colcon.colcon_core.package_discovery:discover_packages(colcon_meta) check parameters
[0.152s] Level 1:colcon.colcon_core.package_discovery:discover_packages(recursive) check parameters
[0.152s] Level 1:colcon.colcon_core.package_discovery:discover_packages(ignore) check parameters
[0.152s] Level 1:colcon.colcon_core.package_discovery:discover_packages(path) check parameters
[0.152s] Level 1:colcon.colcon_core.package_discovery:discover_packages(colcon_meta) discover
[0.152s] Level 1:colcon.colcon_core.package_discovery:discover_packages(recursive) discover
[0.153s] INFO:colcon.colcon_core.package_discovery:Crawling recursively for packages in '/root/ros2/ros2-ws'
[0.153s] Level 1:colcon.colcon_core.package_identification:_identify(.) by extensions ['ignore', 'ignore_ament_install']
[0.153s] Level 1:colcon.colcon_core.package_identification:_identify(.) by extension 'ignore'
[0.154s] Level 1:colcon.colcon_core.package_identification:_identify(.) by extension 'ignore_ament_install'
[0.154s] Level 1:colcon.colcon_core.package_identification:_identify(.) by extensions ['colcon_pkg']
[0.154s] Level 1:colcon.colcon_core.package_identification:_identify(.) by extension 'colcon_pkg'
[0.154s] Level 1:colcon.colcon_core.package_identification:_identify(.) by extensions ['colcon_meta']
[0.158s] Level 1:colcon.colcon_core.package_identification:_identify(.) by extension 'colcon_meta'
[0.159s] Level 1:colcon.colcon_core.package_identification:_identify(.) by extensions ['ros']
[0.161s] Level 1:colcon.colcon_core.package_identification:_identify(.) by extension 'ros'
[0.173s] DEBUG:colcon.colcon_core.package_identification:Package '.' with type 'ros.ament_cmake' and name 'my_mobile_ros_bot'
[0.173s] Level 1:colcon.colcon_core.package_discovery:discover_packages(recursive) using defaults
[0.173s] Level 1:colcon.colcon_core.package_discovery:discover_packages(ignore) discover
[0.173s] Level 1:colcon.colcon_core.package_discovery:discover_packages(ignore) using defaults
[0.174s] Level 1:colcon.colcon_core.package_discovery:discover_packages(path) discover
[0.174s] Level 1:colcon.colcon_core.package_discovery:discover_packages(path) using defaults
[0.187s] Level 5:colcon.colcon_core.verb:set package 'my_mobile_ros_bot' build argument 'cmake_args' from command line to 'None'
[0.187s] Level 5:colcon.colcon_core.verb:set package 'my_mobile_ros_bot' build argument 'cmake_target' from command line to 'None'
[0.187s] Level 5:colcon.colcon_core.verb:set package 'my_mobile_ros_bot' build argument 'cmake_target_skip_unavailable' from command line to 'False'
[0.187s] Level 5:colcon.colcon_core.verb:set package 'my_mobile_ros_bot' build argument 'cmake_clean_cache' from command line to 'False'
[0.187s] Level 5:colcon.colcon_core.verb:set package 'my_mobile_ros_bot' build argument 'cmake_clean_first' from command line to 'False'
[0.187s] Level 5:colcon.colcon_core.verb:set package 'my_mobile_ros_bot' build argument 'cmake_force_configure' from command line to 'False'
[0.187s] Level 5:colcon.colcon_core.verb:set package 'my_mobile_ros_bot' build argument 'ament_cmake_args' from command line to 'None'
[0.187s] Level 5:colcon.colcon_core.verb:set package 'my_mobile_ros_bot' build argument 'catkin_cmake_args' from command line to 'None'
[0.187s] Level 5:colcon.colcon_core.verb:set package 'my_mobile_ros_bot' build argument 'catkin_skip_building_tests' from command line to 'False'
[0.187s] DEBUG:colcon.colcon_core.verb:Building package 'my_mobile_ros_bot' with the following arguments: {'ament_cmake_args': None, 'build_base': '/root/ros2/ros2-ws/build/my_mobile_ros_bot', 'catkin_cmake_args': None, 'catkin_skip_building_tests': False, 'cmake_args': None, 'cmake_clean_cache': False, 'cmake_clean_first': False, 'cmake_force_configure': False, 'cmake_target': None, 'cmake_target_skip_unavailable': False, 'install_base': '/root/ros2/ros2-ws/install/my_mobile_ros_bot', 'merge_install': False, 'path': '/root/ros2/ros2-ws', 'symlink_install': True, 'test_result_base': None}
[0.188s] INFO:colcon.colcon_core.executor:Executing jobs using 'parallel' executor
[0.190s] DEBUG:colcon.colcon_parallel_executor.executor.parallel:run_until_complete
[0.190s] INFO:colcon.colcon_ros.task.ament_cmake.build:Building ROS package in '/root/ros2/ros2-ws' with build type 'ament_cmake'
[0.191s] INFO:colcon.colcon_cmake.task.cmake.build:Building CMake package in '/root/ros2/ros2-ws'
[0.192s] INFO:colcon.colcon_core.plugin_system:Skipping extension 'colcon_core.shell.bat': Not used on non-Windows systems
[0.192s] INFO:colcon.colcon_core.shell:Skip shell extension 'powershell' for command environment: Not usable outside of PowerShell
[0.193s] DEBUG:colcon.colcon_core.shell:Skip shell extension 'dsv' for command environment
[0.215s] DEBUG:colcon.colcon_core.event_handler.log_command:Invoking command in '/root/ros2/ros2-ws/build/my_mobile_ros_bot': CMAKE_PREFIX_PATH=${CMAKE_PREFIX_PATH}:/opt/ros/humble /usr/bin/cmake --build /root/ros2/ros2-ws/build/my_mobile_ros_bot -- -j8 -l8
[0.254s] DEBUG:colcon.colcon_core.event_handler.log_command:Invoked command in '/root/ros2/ros2-ws/build/my_mobile_ros_bot' returned '0': CMAKE_PREFIX_PATH=${CMAKE_PREFIX_PATH}:/opt/ros/humble /usr/bin/cmake --build /root/ros2/ros2-ws/build/my_mobile_ros_bot -- -j8 -l8
[0.285s] DEBUG:colcon.colcon_core.event_handler.log_command:Invoking command in '/root/ros2/ros2-ws/build/my_mobile_ros_bot': CMAKE_PREFIX_PATH=${CMAKE_PREFIX_PATH}:/opt/ros/humble /usr/bin/cmake --install /root/ros2/ros2-ws/build/my_mobile_ros_bot
[0.336s] Level 1:colcon.colcon_core.environment:create_environment_scripts_only(my_mobile_ros_bot)
[0.337s] Level 1:colcon.colcon_core.environment:checking '/root/ros2/ros2-ws/install/my_mobile_ros_bot' for CMake module files
[0.338s] DEBUG:colcon.colcon_core.event_handler.log_command:Invoked command in '/root/ros2/ros2-ws/build/my_mobile_ros_bot' returned '0': CMAKE_PREFIX_PATH=${CMAKE_PREFIX_PATH}:/opt/ros/humble /usr/bin/cmake --install /root/ros2/ros2-ws/build/my_mobile_ros_bot
[0.340s] Level 1:colcon.colcon_core.environment:checking '/root/ros2/ros2-ws/install/my_mobile_ros_bot' for CMake config files
[0.340s] Level 1:colcon.colcon_core.shell:create_environment_hook('my_mobile_ros_bot', 'cmake_prefix_path')
[0.341s] INFO:colcon.colcon_core.shell:Creating environment hook '/root/ros2/ros2-ws/install/my_mobile_ros_bot/share/my_mobile_ros_bot/hook/cmake_prefix_path.ps1'
[0.343s] INFO:colcon.colcon_core.shell:Creating environment descriptor '/root/ros2/ros2-ws/install/my_mobile_ros_bot/share/my_mobile_ros_bot/hook/cmake_prefix_path.dsv'
[0.344s] INFO:colcon.colcon_core.shell:Creating environment hook '/root/ros2/ros2-ws/install/my_mobile_ros_bot/share/my_mobile_ros_bot/hook/cmake_prefix_path.sh'
[0.346s] Level 1:colcon.colcon_core.environment:checking '/root/ros2/ros2-ws/install/my_mobile_ros_bot/bin'
[0.346s] Level 1:colcon.colcon_core.environment:checking '/root/ros2/ros2-ws/install/my_mobile_ros_bot/lib/pkgconfig/my_mobile_ros_bot.pc'
[0.347s] Level 1:colcon.colcon_core.environment:checking '/root/ros2/ros2-ws/install/my_mobile_ros_bot/lib/python3.10/site-packages'
[0.348s] Level 1:colcon.colcon_core.environment:checking '/root/ros2/ros2-ws/install/my_mobile_ros_bot/bin'
[0.348s] INFO:colcon.colcon_core.shell:Creating package script '/root/ros2/ros2-ws/install/my_mobile_ros_bot/share/my_mobile_ros_bot/package.ps1'
[0.348s] INFO:colcon.colcon_core.shell:Creating package descriptor '/root/ros2/ros2-ws/install/my_mobile_ros_bot/share/my_mobile_ros_bot/package.dsv'
[0.349s] INFO:colcon.colcon_core.shell:Creating package script '/root/ros2/ros2-ws/install/my_mobile_ros_bot/share/my_mobile_ros_bot/package.sh'
[0.350s] INFO:colcon.colcon_core.shell:Creating package script '/root/ros2/ros2-ws/install/my_mobile_ros_bot/share/my_mobile_ros_bot/package.bash'
[0.350s] INFO:colcon.colcon_core.shell:Creating package script '/root/ros2/ros2-ws/install/my_mobile_ros_bot/share/my_mobile_ros_bot/package.zsh'
[0.351s] Level 1:colcon.colcon_core.environment:create_file_with_runtime_dependencies(/root/ros2/ros2-ws/install/my_mobile_ros_bot/share/colcon-core/packages/my_mobile_ros_bot)
[0.380s] Level 1:colcon.colcon_core.environment:create_environment_scripts_only(my_mobile_ros_bot)
[0.380s] Level 1:colcon.colcon_core.environment:checking '/root/ros2/ros2-ws/install/my_mobile_ros_bot' for CMake module files
[0.385s] Level 1:colcon.colcon_core.environment:checking '/root/ros2/ros2-ws/install/my_mobile_ros_bot' for CMake config files
[0.387s] Level 1:colcon.colcon_core.shell:create_environment_hook('my_mobile_ros_bot', 'cmake_prefix_path')
[0.388s] INFO:colcon.colcon_core.shell:Creating environment hook '/root/ros2/ros2-ws/install/my_mobile_ros_bot/share/my_mobile_ros_bot/hook/cmake_prefix_path.ps1'
[0.390s] INFO:colcon.colcon_core.shell:Creating environment descriptor '/root/ros2/ros2-ws/install/my_mobile_ros_bot/share/my_mobile_ros_bot/hook/cmake_prefix_path.dsv'
[0.391s] INFO:colcon.colcon_core.shell:Creating environment hook '/root/ros2/ros2-ws/install/my_mobile_ros_bot/share/my_mobile_ros_bot/hook/cmake_prefix_path.sh'
[0.393s] Level 1:colcon.colcon_core.environment:checking '/root/ros2/ros2-ws/install/my_mobile_ros_bot/bin'
[0.393s] Level 1:colcon.colcon_core.environment:checking '/root/ros2/ros2-ws/install/my_mobile_ros_bot/lib/pkgconfig/my_mobile_ros_bot.pc'
[0.393s] Level 1:colcon.colcon_core.environment:checking '/root/ros2/ros2-ws/install/my_mobile_ros_bot/lib/python3.10/site-packages'
[0.394s] Level 1:colcon.colcon_core.environment:checking '/root/ros2/ros2-ws/install/my_mobile_ros_bot/bin'
[0.395s] INFO:colcon.colcon_core.shell:Creating package script '/root/ros2/ros2-ws/install/my_mobile_ros_bot/share/my_mobile_ros_bot/package.ps1'
[0.397s] INFO:colcon.colcon_core.shell:Creating package descriptor '/root/ros2/ros2-ws/install/my_mobile_ros_bot/share/my_mobile_ros_bot/package.dsv'
[0.397s] INFO:colcon.colcon_core.shell:Creating package script '/root/ros2/ros2-ws/install/my_mobile_ros_bot/share/my_mobile_ros_bot/package.sh'
[0.398s] INFO:colcon.colcon_core.shell:Creating package script '/root/ros2/ros2-ws/install/my_mobile_ros_bot/share/my_mobile_ros_bot/package.bash'
[0.398s] INFO:colcon.colcon_core.shell:Creating package script '/root/ros2/ros2-ws/install/my_mobile_ros_bot/share/my_mobile_ros_bot/package.zsh'
[0.398s] Level 1:colcon.colcon_core.environment:create_file_with_runtime_dependencies(/root/ros2/ros2-ws/install/my_mobile_ros_bot/share/colcon-core/packages/my_mobile_ros_bot)
[0.399s] DEBUG:colcon.colcon_parallel_executor.executor.parallel:closing loop
[0.399s] DEBUG:colcon.colcon_parallel_executor.executor.parallel:loop closed
[0.399s] DEBUG:colcon.colcon_parallel_executor.executor.parallel:run_until_complete finished with '0'
[0.399s] DEBUG:colcon.colcon_core.event_reactor:joining thread
[0.403s] INFO:colcon.colcon_core.plugin_system:Skipping extension 'colcon_notification.desktop_notification.notify_send': Could not find 'notify-send'
[0.404s] INFO:colcon.colcon_core.plugin_system:Skipping extension 'colcon_notification.desktop_notification.terminal_notifier': Not used on non-Darwin systems
[0.404s] INFO:colcon.colcon_core.plugin_system:Skipping extension 'colcon_notification.desktop_notification.win32': Not used on non-Windows systems
[0.404s] INFO:colcon.colcon_notification.desktop_notification:Sending desktop notification using 'notify2'
[0.410s] DEBUG:colcon.colcon_core.event_reactor:joined thread
[0.410s] INFO:colcon.colcon_core.shell:Creating prefix script '/root/ros2/ros2-ws/install/local_setup.ps1'
[0.412s] INFO:colcon.colcon_core.shell:Creating prefix util module '/root/ros2/ros2-ws/install/_local_setup_util_ps1.py'
[0.413s] INFO:colcon.colcon_core.shell:Creating prefix chain script '/root/ros2/ros2-ws/install/setup.ps1'
[0.414s] INFO:colcon.colcon_core.shell:Creating prefix script '/root/ros2/ros2-ws/install/local_setup.sh'
[0.415s] INFO:colcon.colcon_core.shell:Creating prefix util module '/root/ros2/ros2-ws/install/_local_setup_util_sh.py'
[0.416s] INFO:colcon.colcon_core.shell:Creating prefix chain script '/root/ros2/ros2-ws/install/setup.sh'
[0.419s] INFO:colcon.colcon_core.shell:Creating prefix script '/root/ros2/ros2-ws/install/local_setup.bash'
[0.424s] INFO:colcon.colcon_core.shell:Creating prefix chain script '/root/ros2/ros2-ws/install/setup.bash'
[0.433s] INFO:colcon.colcon_core.shell:Creating prefix script '/root/ros2/ros2-ws/install/local_setup.zsh'
[0.434s] INFO:colcon.colcon_core.shell:Creating prefix chain script '/root/ros2/ros2-ws/install/setup.zsh'
