[0.022s] Invoking command in '/root/ros2/ros2-ws/build/my_mobile_ros_bot': CMAKE_PREFIX_PATH=${CMAKE_PREFIX_PATH}:/opt/ros/humble /usr/bin/cmake --build /root/ros2/ros2-ws/build/my_mobile_ros_bot -- -j8 -l8
[0.060s] Invoked command in '/root/ros2/ros2-ws/build/my_mobile_ros_bot' returned '0': CMAKE_PREFIX_PATH=${CMAKE_PREFIX_PATH}:/opt/ros/humble /usr/bin/cmake --build /root/ros2/ros2-ws/build/my_mobile_ros_bot -- -j8 -l8
[0.092s] Invoking command in '/root/ros2/ros2-ws/build/my_mobile_ros_bot': CMAKE_PREFIX_PATH=${CMAKE_PREFIX_PATH}:/opt/ros/humble /usr/bin/cmake --install /root/ros2/ros2-ws/build/my_mobile_ros_bot
[0.096s] -- Install configuration: ""
[0.098s] -- Execute custom install script
[0.099s] -- Up-to-date symlink: /root/ros2/ros2-ws/install/my_mobile_ros_bot/share/my_mobile_ros_bot/config/empty.yaml
[0.099s] -- Up-to-date symlink: /root/ros2/ros2-ws/install/my_mobile_ros_bot/share/my_mobile_ros_bot/config/view_bot.rviz
[0.101s] -- Up-to-date symlink: /root/ros2/ros2-ws/install/my_mobile_ros_bot/share/my_mobile_ros_bot/description/inertial_macros.xacro
[0.106s] -- Up-to-date symlink: /root/ros2/ros2-ws/install/my_mobile_ros_bot/share/my_mobile_ros_bot/description/robot.urdf.xacro
[0.107s] -- Up-to-date symlink: /root/ros2/ros2-ws/install/my_mobile_ros_bot/share/my_mobile_ros_bot/description/robot_core.xacro
[0.109s] -- Up-to-date symlink: /root/ros2/ros2-ws/install/my_mobile_ros_bot/share/my_mobile_ros_bot/launch/rsp.launch.py
[0.117s] -- Up-to-date symlink: /root/ros2/ros2-ws/install/my_mobile_ros_bot/share/my_mobile_ros_bot/worlds/empty.world
[0.118s] -- Up-to-date symlink: /root/ros2/ros2-ws/install/my_mobile_ros_bot/share/ament_index/resource_index/package_run_dependencies/my_mobile_ros_bot
[0.118s] -- Up-to-date symlink: /root/ros2/ros2-ws/install/my_mobile_ros_bot/share/ament_index/resource_index/parent_prefix_path/my_mobile_ros_bot
[0.119s] -- Up-to-date symlink: /root/ros2/ros2-ws/install/my_mobile_ros_bot/share/my_mobile_ros_bot/environment/ament_prefix_path.sh
[0.119s] -- Up-to-date symlink: /root/ros2/ros2-ws/install/my_mobile_ros_bot/share/my_mobile_ros_bot/environment/ament_prefix_path.dsv
[0.119s] -- Up-to-date symlink: /root/ros2/ros2-ws/install/my_mobile_ros_bot/share/my_mobile_ros_bot/environment/path.sh
[0.120s] -- Up-to-date symlink: /root/ros2/ros2-ws/install/my_mobile_ros_bot/share/my_mobile_ros_bot/environment/path.dsv
[0.122s] -- Up-to-date symlink: /root/ros2/ros2-ws/install/my_mobile_ros_bot/share/my_mobile_ros_bot/local_setup.bash
[0.125s] -- Up-to-date symlink: /root/ros2/ros2-ws/install/my_mobile_ros_bot/share/my_mobile_ros_bot/local_setup.sh
[0.127s] -- Up-to-date symlink: /root/ros2/ros2-ws/install/my_mobile_ros_bot/share/my_mobile_ros_bot/local_setup.zsh
[0.131s] -- Up-to-date symlink: /root/ros2/ros2-ws/install/my_mobile_ros_bot/share/my_mobile_ros_bot/local_setup.dsv
[0.131s] -- Symlinking: /root/ros2/ros2-ws/install/my_mobile_ros_bot/share/my_mobile_ros_bot/package.dsv
[0.142s] -- Up-to-date symlink: /root/ros2/ros2-ws/install/my_mobile_ros_bot/share/ament_index/resource_index/packages/my_mobile_ros_bot
[0.142s] -- Up-to-date symlink: /root/ros2/ros2-ws/install/my_mobile_ros_bot/share/my_mobile_ros_bot/cmake/my_mobile_ros_botConfig.cmake
[0.142s] -- Up-to-date symlink: /root/ros2/ros2-ws/install/my_mobile_ros_bot/share/my_mobile_ros_bot/cmake/my_mobile_ros_botConfig-version.cmake
[0.143s] -- Up-to-date symlink: /root/ros2/ros2-ws/install/my_mobile_ros_bot/share/my_mobile_ros_bot/package.xml
[0.145s] Invoked command in '/root/ros2/ros2-ws/build/my_mobile_ros_bot' returned '0': CMAKE_PREFIX_PATH=${CMAKE_PREFIX_PATH}:/opt/ros/humble /usr/bin/cmake --install /root/ros2/ros2-ws/build/my_mobile_ros_bot
