[0.008s] Invoking command in '/root/ros2/ros2-ws/build/my_mobile_ros_bot': CMAKE_PREFIX_PATH=/opt/ros/humble /usr/bin/cmake /root/ros2/ros2-ws -DAMENT_CMAKE_SYMLINK_INSTALL=1 -DCMAKE_INSTALL_PREFIX=/root/ros2/ros2-ws/install/my_mobile_ros_bot
[0.133s] -- The C compiler identification is GNU 11.4.0
[0.205s] -- The CXX compiler identification is GNU 11.4.0
[0.214s] -- Detecting C compiler ABI info
[0.284s] -- Detecting C compiler ABI info - done
[0.291s] -- Check for working C compiler: /usr/bin/cc - skipped
[0.292s] -- Detecting C compile features
[0.292s] -- Detecting C compile features - done
[0.296s] -- Detecting CXX compiler ABI info
[0.360s] -- Detecting CXX compiler ABI info - done
[0.367s] -- Check for working CXX compiler: /usr/bin/c++ - skipped
[0.368s] -- Detecting CXX compile features
[0.368s] -- Detecting CXX compile features - done
[0.373s] -- Found ament_cmake: 1.3.10 (/opt/ros/humble/share/ament_cmake/cmake)
[0.459s] -- Found Python3: /usr/bin/python3 (found version "3.10.12") found components: Interpreter 
[0.516s] -- Override CMake install command with custom implementation using symlinks instead of copying resources
[0.543s] -- Found ament_lint_auto: 0.12.11 (/opt/ros/humble/share/ament_lint_auto/cmake)
[0.613s] -- Added test 'copyright' to check source files copyright and LICENSE
[0.709s] -- Added test 'cppcheck' to perform static code analysis on C / C++ code
[0.709s] -- Configured cppcheck include dirs: 
[0.710s] -- Configured cppcheck exclude dirs and/or files: 
[0.799s] -- Added test 'cpplint' to check C / C++ code against the Google style
[0.799s] -- Configured cpplint exclude dirs and/or files: 
[0.812s] -- Added test 'flake8' to check Python code syntax and style conventions
[0.836s] -- Added test 'lint_cmake' to check CMake code style
[0.848s] -- Added test 'pep257' to check Python code against some of the docstring style conventions in PEP 257
[0.942s] -- Added test 'uncrustify' to check C / C++ code style
[0.943s] -- Configured uncrustify additional arguments: 
[0.955s] -- Added test 'xmllint' to check XML markup files
[0.962s] -- Configuring done
[0.976s] -- Generating done
[0.983s] -- Build files have been written to: /root/ros2/ros2-ws/build/my_mobile_ros_bot
[0.984s] Invoked command in '/root/ros2/ros2-ws/build/my_mobile_ros_bot' returned '0': CMAKE_PREFIX_PATH=/opt/ros/humble /usr/bin/cmake /root/ros2/ros2-ws -DAMENT_CMAKE_SYMLINK_INSTALL=1 -DCMAKE_INSTALL_PREFIX=/root/ros2/ros2-ws/install/my_mobile_ros_bot
[0.985s] Invoking command in '/root/ros2/ros2-ws/build/my_mobile_ros_bot': CMAKE_PREFIX_PATH=/opt/ros/humble /usr/bin/cmake --build /root/ros2/ros2-ws/build/my_mobile_ros_bot -- -j8 -l8
[1.006s] Invoked command in '/root/ros2/ros2-ws/build/my_mobile_ros_bot' returned '0': CMAKE_PREFIX_PATH=/opt/ros/humble /usr/bin/cmake --build /root/ros2/ros2-ws/build/my_mobile_ros_bot -- -j8 -l8
[1.023s] Invoking command in '/root/ros2/ros2-ws/build/my_mobile_ros_bot': CMAKE_PREFIX_PATH=/opt/ros/humble /usr/bin/cmake --install /root/ros2/ros2-ws/build/my_mobile_ros_bot
[1.026s] -- Install configuration: ""
[1.027s] -- Execute custom install script
[1.029s] -- Symlinking: /root/ros2/ros2-ws/install/my_mobile_ros_bot/share/my_mobile_ros_bot/config/empty.yaml
[1.033s] -- Symlinking: /root/ros2/ros2-ws/install/my_mobile_ros_bot/share/my_mobile_ros_bot/config/view_bot.rviz
[1.038s] -- Symlinking: /root/ros2/ros2-ws/install/my_mobile_ros_bot/share/my_mobile_ros_bot/description/inertial_macros.xacro
[1.042s] -- Symlinking: /root/ros2/ros2-ws/install/my_mobile_ros_bot/share/my_mobile_ros_bot/description/robot.urdf.xacro
[1.047s] -- Symlinking: /root/ros2/ros2-ws/install/my_mobile_ros_bot/share/my_mobile_ros_bot/description/robot_core.xacro
[1.053s] -- Symlinking: /root/ros2/ros2-ws/install/my_mobile_ros_bot/share/my_mobile_ros_bot/launch/rsp.launch.py
[1.059s] -- Symlinking: /root/ros2/ros2-ws/install/my_mobile_ros_bot/share/my_mobile_ros_bot/worlds/empty.world
[1.064s] -- Symlinking: /root/ros2/ros2-ws/install/my_mobile_ros_bot/share/ament_index/resource_index/package_run_dependencies/my_mobile_ros_bot
[1.069s] -- Symlinking: /root/ros2/ros2-ws/install/my_mobile_ros_bot/share/ament_index/resource_index/parent_prefix_path/my_mobile_ros_bot
[1.074s] -- Symlinking: /root/ros2/ros2-ws/install/my_mobile_ros_bot/share/my_mobile_ros_bot/environment/ament_prefix_path.sh
[1.078s] -- Symlinking: /root/ros2/ros2-ws/install/my_mobile_ros_bot/share/my_mobile_ros_bot/environment/ament_prefix_path.dsv
[1.083s] -- Symlinking: /root/ros2/ros2-ws/install/my_mobile_ros_bot/share/my_mobile_ros_bot/environment/path.sh
[1.087s] -- Symlinking: /root/ros2/ros2-ws/install/my_mobile_ros_bot/share/my_mobile_ros_bot/environment/path.dsv
[1.092s] -- Symlinking: /root/ros2/ros2-ws/install/my_mobile_ros_bot/share/my_mobile_ros_bot/local_setup.bash
[1.096s] -- Symlinking: /root/ros2/ros2-ws/install/my_mobile_ros_bot/share/my_mobile_ros_bot/local_setup.sh
[1.100s] -- Symlinking: /root/ros2/ros2-ws/install/my_mobile_ros_bot/share/my_mobile_ros_bot/local_setup.zsh
[1.104s] -- Symlinking: /root/ros2/ros2-ws/install/my_mobile_ros_bot/share/my_mobile_ros_bot/local_setup.dsv
[1.109s] -- Symlinking: /root/ros2/ros2-ws/install/my_mobile_ros_bot/share/my_mobile_ros_bot/package.dsv
[1.113s] -- Symlinking: /root/ros2/ros2-ws/install/my_mobile_ros_bot/share/ament_index/resource_index/packages/my_mobile_ros_bot
[1.118s] -- Symlinking: /root/ros2/ros2-ws/install/my_mobile_ros_bot/share/my_mobile_ros_bot/cmake/my_mobile_ros_botConfig.cmake
[1.123s] -- Symlinking: /root/ros2/ros2-ws/install/my_mobile_ros_bot/share/my_mobile_ros_bot/cmake/my_mobile_ros_botConfig-version.cmake
[1.127s] -- Symlinking: /root/ros2/ros2-ws/install/my_mobile_ros_bot/share/my_mobile_ros_bot/package.xml
[1.134s] Invoked command in '/root/ros2/ros2-ws/build/my_mobile_ros_bot' returned '0': CMAKE_PREFIX_PATH=/opt/ros/humble /usr/bin/cmake --install /root/ros2/ros2-ws/build/my_mobile_ros_bot
